빌드 시작: 2015-04-14 오전 11:26:52
     1>2 노드의 "C:\Users\seoheon\Desktop\20091556P1\20091556P1.vcxproj" 프로젝트(Build 대상)입니다.
     1>ClCompile:
         C:\Program Files (x86)\Microsoft Visual Studio 12.0\VC\bin\CL.exe /c /ZI /nologo /W3 /WX- /Od /Oy- /D WIN32 /D _WINDOWS /D _DEBUG /D _UNICODE /D UNICODE /D _AFXDLL /Gm /EHsc /RTC1 /MDd /GS /fp:precise /Zc:wchar_t /Zc:forScope /Yu"stdafx.h" /Fp"Debug\20091556P1.pch" /Fo"Debug\\" /Fd"Debug\vc120.pdb" /Gd /TP /analyze- /errorReport:prompt 20091556P1Dlg.cpp
         20091556P1Dlg.cpp
     1>c:\users\seoheon\desktop\20091556p1\20091556p1dlg.cpp(9): warning C4005: 'min' : 매크로 재정의
                 c:\program files (x86)\windows kits\8.1\include\shared\minwindef.h(197) : 'min'의 이전 정의를 참조하십시오.
     1>c:\users\seoheon\desktop\20091556p1\20091556p1dlg.cpp(10): warning C4005: 'max' : 매크로 재정의
                 c:\program files (x86)\windows kits\8.1\include\shared\minwindef.h(193) : 'max'의 이전 정의를 참조하십시오.
     1>c:\users\seoheon\desktop\20091556p1\20091556p1dlg.cpp(192): warning C4018: '<' : signed 또는 unsigned가 일치하지 않습니다.
     1>c:\users\seoheon\desktop\20091556p1\20091556p1dlg.cpp(196): warning C4018: '<' : signed 또는 unsigned가 일치하지 않습니다.
     1>c:\users\seoheon\desktop\20091556p1\20091556p1dlg.cpp(198): warning C4018: '<' : signed 또는 unsigned가 일치하지 않습니다.
     1>c:\users\seoheon\desktop\20091556p1\20091556p1dlg.cpp(244): warning C4018: '<' : signed 또는 unsigned가 일치하지 않습니다.
     1>c:\users\seoheon\desktop\20091556p1\20091556p1dlg.cpp(248): warning C4018: '<' : signed 또는 unsigned가 일치하지 않습니다.
     1>c:\users\seoheon\desktop\20091556p1\20091556p1dlg.cpp(252): warning C4018: '<' : signed 또는 unsigned가 일치하지 않습니다.
     1>c:\users\seoheon\desktop\20091556p1\20091556p1dlg.cpp(256): warning C4018: '<' : signed 또는 unsigned가 일치하지 않습니다.
     1>c:\users\seoheon\desktop\20091556p1\20091556p1dlg.cpp(260): warning C4018: '<' : signed 또는 unsigned가 일치하지 않습니다.
     1>c:\users\seoheon\desktop\20091556p1\20091556p1dlg.cpp(271): warning C4018: '<' : signed 또는 unsigned가 일치하지 않습니다.
     1>c:\users\seoheon\desktop\20091556p1\20091556p1dlg.cpp(273): warning C4018: '<' : signed 또는 unsigned가 일치하지 않습니다.
     1>c:\users\seoheon\desktop\20091556p1\20091556p1dlg.cpp(276): warning C4244: '=' : 'double'에서 'int'(으)로 변환하면서 데이터가 손실될 수 있습니다.
     1>c:\users\seoheon\desktop\20091556p1\20091556p1dlg.cpp(277): warning C4244: '=' : 'double'에서 'int'(으)로 변환하면서 데이터가 손실될 수 있습니다.
     1>c:\users\seoheon\desktop\20091556p1\20091556p1dlg.cpp(278): warning C4244: '=' : 'double'에서 'int'(으)로 변환하면서 데이터가 손실될 수 있습니다.
     1>c:\users\seoheon\desktop\20091556p1\20091556p1dlg.cpp(280): warning C4244: '=' : 'double'에서 'int'(으)로 변환하면서 데이터가 손실될 수 있습니다.
     1>c:\users\seoheon\desktop\20091556p1\20091556p1dlg.cpp(291): warning C4018: '<' : signed 또는 unsigned가 일치하지 않습니다.
     1>c:\users\seoheon\desktop\20091556p1\20091556p1dlg.cpp(293): warning C4018: '<' : signed 또는 unsigned가 일치하지 않습니다.
     1>c:\users\seoheon\desktop\20091556p1\20091556p1dlg.cpp(333): warning C4244: '=' : 'double'에서 'int'(으)로 변환하면서 데이터가 손실될 수 있습니다.
     1>c:\users\seoheon\desktop\20091556p1\20091556p1dlg.cpp(341): warning C4244: '=' : 'double'에서 'int'(으)로 변환하면서 데이터가 손실될 수 있습니다.
     1>c:\users\seoheon\desktop\20091556p1\20091556p1dlg.cpp(350): warning C4244: '=' : 'double'에서 'int'(으)로 변환하면서 데이터가 손실될 수 있습니다.
     1>c:\users\seoheon\desktop\20091556p1\20091556p1dlg.cpp(359): warning C4244: '=' : 'double'에서 'int'(으)로 변환하면서 데이터가 손실될 수 있습니다.
     1>c:\users\seoheon\desktop\20091556p1\20091556p1dlg.cpp(370): warning C4244: '=' : 'double'에서 'int'(으)로 변환하면서 데이터가 손실될 수 있습니다.
     1>c:\users\seoheon\desktop\20091556p1\20091556p1dlg.cpp(371): warning C4244: '=' : 'double'에서 'int'(으)로 변환하면서 데이터가 손실될 수 있습니다.
     1>c:\users\seoheon\desktop\20091556p1\20091556p1dlg.cpp(372): warning C4244: '=' : 'double'에서 'int'(으)로 변환하면서 데이터가 손실될 수 있습니다.
       Link:
         C:\Program Files (x86)\Microsoft Visual Studio 12.0\VC\bin\link.exe /ERRORREPORT:PROMPT /OUT:"C:\Users\seoheon\Desktop\20091556P1\Debug\20091556P1.exe" /INCREMENTAL /NOLOGO /MANIFEST /MANIFESTUAC:"level='asInvoker' uiAccess='false'" /manifest:embed /manifestinput:"C:\Program Files (x86)\Microsoft Visual Studio 12.0\VC\Include\Manifest\dpiaware.manifest" /DEBUG /PDB:"C:\Users\seoheon\Desktop\20091556P1\Debug\20091556P1.pdb" /SUBSYSTEM:WINDOWS /TLBID:1 /ENTRY:"wWinMainCRTStartup" /DYNAMICBASE /NXCOMPAT /IMPLIB:"C:\Users\seoheon\Desktop\20091556P1\Debug\20091556P1.lib" /MACHINE:X86 Debug\20091556P1.res
         Debug\20091556P1.obj
         Debug\20091556P1Dlg.obj
         Debug\stdafx.obj
         20091556P1.vcxproj -> C:\Users\seoheon\Desktop\20091556P1\Debug\20091556P1.exe
     1>"C:\Users\seoheon\Desktop\20091556P1\20091556P1.vcxproj" 프로젝트를 빌드했습니다(Build 대상).

빌드했습니다.

경과 시간: 00:00:00.84
